WCS417.fasta	WCS417.fasta	100	6165	6169
WCS417.fasta	CHA0.fasta	82.6268	4221	6169
WCS417.fasta	WCS317.fasta	82.5152	3814	6169
WCS417.fasta	WCS134.fasta	82.0769	3974	6169
WCS417.fasta	RS158.fasta	79.8912	3430	6169
WCS417.fasta	WCS358.fasta	79.5703	3507	6169
CHA0.fasta	CHA0.fasta	100	6859	6867
CHA0.fasta	WCS317.fasta	82.9302	4119	6867
CHA0.fasta	WCS417.fasta	82.6798	4174	6867
CHA0.fasta	WCS134.fasta	82.0593	4210	6867
CHA0.fasta	RS158.fasta	80.8269	3793	6867
CHA0.fasta	WCS358.fasta	80.5757	3868	6867
WCS134.fasta	WCS134.fasta	100	6501	6501
WCS134.fasta	WCS317.fasta	84.2792	4195	6501
WCS134.fasta	CHA0.fasta	82.0915	4199	6501
WCS134.fasta	WCS417.fasta	82.0418	3932	6501
WCS134.fasta	RS158.fasta	79.4394	3465	6501
WCS134.fasta	WCS358.fasta	79.2408	3540	6501
WCS358.fasta	WCS358.fasta	100	5925	5936
WCS358.fasta	RS158.fasta	87.5427	4381	5936
WCS358.fasta	CHA0.fasta	80.7237	3820	5936
WCS358.fasta	WCS317.fasta	79.9341	3491	5936
WCS358.fasta	WCS417.fasta	79.7204	3448	5936
WCS358.fasta	WCS134.fasta	79.3206	3535	5936
RS158.fasta	RS158.fasta	100	5551	5551
RS158.fasta	WCS358.fasta	87.5892	4358	5551
RS158.fasta	CHA0.fasta	80.9737	3724	5551
RS158.fasta	WCS317.fasta	80.2177	3419	5551
RS158.fasta	WCS417.fasta	79.9906	3388	5551
RS158.fasta	WCS134.fasta	79.5786	3390	5551
WCS317.fasta	WCS317.fasta	100	5909	5909
WCS317.fasta	WCS134.fasta	84.3657	4183	5909
WCS317.fasta	CHA0.fasta	82.9785	4103	5909
WCS317.fasta	WCS417.fasta	82.5704	3805	5909
WCS317.fasta	RS158.fasta	80.2617	3400	5909
WCS317.fasta	WCS358.fasta	79.8672	3524	5909
